<?xml version="1.0" encoding="UTF-8"?>
<testsuite name="io.prakhar.utils.MathUtilsTest" tests="5" skipped="0" failures="0" errors="0" timestamp="2019-05-18T18:02:07" hostname="DESKTOP-BATPDDL" time="0.016">
  <properties/>
  <testcase name="computeCircleArea()" classname="io.prakhar.utils.MathUtilsTest" time="0.009"/>
  <testcase name="subtract()" classname="io.prakhar.utils.MathUtilsTest" time="0.001"/>
  <testcase name="divide()" classname="io.prakhar.utils.MathUtilsTest" time="0.001"/>
  <testcase name="add()" classname="io.prakhar.utils.MathUtilsTest" time="0.001"/>
  <testcase name="multiply()" classname="io.prakhar.utils.MathUtilsTest" time="0.001"/>
  <system-out><![CDATA[]]></system-out>
  <system-err><![CDATA[]]></system-err>
</testsuite>
